<?xml version="1.0" encoding="UTF-8"?>
<!-- Generated by org.testng.reporters.JUnitReportReporter -->
<testsuite skipped="0" hostname="DESKTOP-C0A8MKT" name="testcases.RestAssured_API" tests="1" failures="0" timestamp="10 Jul 2021 00:12:16 GMT" time="2.447" errors="0">
  <testcase name="delete_a_product" time="2.447" classname="testcases.RestAssured_API"/>
</testsuite> <!-- testcases.RestAssured_API -->
